<?xml version="1.0" encoding="UTF-8"?>
<!-- Generated by org.testng.reporters.JUnitXMLReporter -->
<testsuite hostname="DESKTOP-E32EPOV" name="Test" tests="9" failures="0" timestamp="15 Apr 2020 07:24:20 GMT" time="48.792" errors="0">
  <testcase name="openapp1" time="12.803" classname="TestingOne.Test1"/>
  <testcase name="openapp3" time="14.046" classname="TestingOne.Test1"/>
  <testcase name="openapp2" time="14.078" classname="TestingOne.Test1"/>
  <testcase name="openapp4" time="12.4" classname="TestingOne.Test2"/>
  <testcase name="openapp5" time="13.357" classname="TestingOne.Test2"/>
  <testcase name="openapp6" time="17.975" classname="TestingOne.Test2"/>
  <testcase name="openapp8" time="16.244" classname="TestingOne.Test3"/>
  <testcase name="openapp7" time="18.661" classname="TestingOne.Test3"/>
  <testcase name="openapp9" time="16.702" classname="TestingOne.Test3"/>
</testsuite> <!-- Test -->
