<?xml version="1.0" encoding="UTF-8"?>
<!-- Generated by org.testng.reporters.JUnitReportReporter -->
<testsuite hostname="DESKTOP-E32EPOV" name="TestingOne.Test1" tests="3" failures="0" timestamp="26 Apr 2020 08:04:23 GMT" time="20.473" errors="0">
  <testcase name="openapp2" time="6.244" classname="TestingOne.Test1"/>
  <testcase name="openapp1" time="7.249" classname="TestingOne.Test1"/>
  <testcase name="openapp3" time="6.980" classname="TestingOne.Test1"/>
</testsuite> <!-- TestingOne.Test1 -->
