<?xml version="1.0" encoding="UTF-8"?>
<testng-results skipped="0" failed="0" total="3" passed="3">
  <reporter-output>
  </reporter-output>
  <suite name="Default suite" duration-ms="20510" started-at="2020-04-26T08:04:02Z" finished-at="2020-04-26T08:04:22Z">
    <groups>
    </groups>
    <test name="Default test" duration-ms="20510" started-at="2020-04-26T08:04:02Z" finished-at="2020-04-26T08:04:22Z">
      <class name="TestingOne.Test1">
        <test-method status="PASS" signature="openapp1()[pri:0, instance:TestingOne.Test1@1ae369b7]" name="openapp1" duration-ms="7249" started-at="2020-04-26T10:04:02Z" finished-at="2020-04-26T10:04:09Z">
          <reporter-output>
          </reporter-output>
        </test-method> <!-- openapp1 -->
        <test-method status="PASS" signature="openapp2()[pri:0, instance:TestingOne.Test1@1ae369b7]" name="openapp2" duration-ms="6244" started-at="2020-04-26T10:04:09Z" finished-at="2020-04-26T10:04:15Z">
          <reporter-output>
          </reporter-output>
        </test-method> <!-- openapp2 -->
        <test-method status="PASS" signature="openapp3()[pri:0, instance:TestingOne.Test1@1ae369b7]" name="openapp3" duration-ms="6980" started-at="2020-04-26T10:04:15Z" finished-at="2020-04-26T10:04:22Z">
          <reporter-output>
          </reporter-output>
        </test-method> <!-- openapp3 -->
      </class> <!-- TestingOne.Test1 -->
    </test> <!-- Default test -->
  </suite> <!-- Default suite -->
</testng-results>
